Using pre-set license
Built from '2021.3/staging' branch; Version is '2021.3.25f1 (68ef2c4f8861) revision 6876972'; Using compiler version '192829333'; Build Type 'Release'
OS: 'Windows 10  (10.0.19045) 64bit Enterprise' Language: 'en' Physical Memory: 32547 MB
BatchMode: 1, IsHumanControllingUs: 0, StartBugReporterOnCrash: 0, Is64bit: 1, IsPro: 1

COMMAND LINE ARGUMENTS:
C:\Program Files\Unity 2021.3.25f1\Editor\Unity.exe
-adb2
-batchMode
-noUpm
-name
AssetImportWorker3
-projectPath
C:/Users/90538/Desktop/GithubProjects/JumpAndRun
-logFile
Logs/AssetImportWorker3.log
-srvPort
51485
Successfully changed project path to: C:/Users/90538/Desktop/GithubProjects/JumpAndRun
C:/Users/90538/Desktop/GithubProjects/JumpAndRun
[UnityMemory] Configuration Parameters - Can be set up in boot.config
    "memorysetup-bucket-allocator-granularity=16"
    "memorysetup-bucket-allocator-bucket-count=8"
    "memorysetup-bucket-allocator-block-size=33554432"
    "memorysetup-bucket-allocator-block-count=8"
    "memorysetup-main-allocator-block-size=16777216"
    "memorysetup-thread-allocator-block-size=16777216"
    "memorysetup-gfx-main-allocator-block-size=16777216"
    "memorysetup-gfx-thread-allocator-block-size=16777216"
    "memorysetup-cache-allocator-block-size=4194304"
    "memorysetup-typetree-allocator-block-size=2097152"
    "memorysetup-profiler-bucket-allocator-granularity=16"
    "memorysetup-profiler-bucket-allocator-bucket-count=8"
    "memorysetup-profiler-bucket-allocator-block-size=33554432"
    "memorysetup-profiler-bucket-allocator-block-count=8"
    "memorysetup-profiler-allocator-block-size=16777216"
    "memorysetup-profiler-editor-allocator-block-size=1048576"
    "memorysetup-temp-allocator-size-main=16777216"
    "memorysetup-job-temp-allocator-block-size=2097152"
    "memorysetup-job-temp-allocator-block-size-background=1048576"
    "memorysetup-job-temp-allocator-reduction-small-platforms=262144"
    "memorysetup-temp-allocator-size-background-worker=32768"
    "memorysetup-temp-allocator-size-job-worker=262144"
    "memorysetup-temp-allocator-size-preload-manager=33554432"
    "memorysetup-temp-allocator-size-nav-mesh-worker=65536"
    "memorysetup-temp-allocator-size-audio-worker=65536"
    "memorysetup-temp-allocator-size-cloud-worker=32768"
    "memorysetup-temp-allocator-size-gi-baking-worker=262144"
    "memorysetup-temp-allocator-size-gfx=262144"
Player connection [19156] Host "[IP] 192.168.0.101 [Port] 0 [Flags] 2 [Guid] 1580064900 [EditorId] 1580064900 [Version] 1048832 [Id] WindowsEditor(7,DESKTOP-84GBAGC) [Debug] 1 [PackageName] WindowsEditor [ProjectName] Editor" joined multi-casting on [225.0.0.222:54997]...

Player connection [19156] Host "[IP] 192.168.0.101 [Port] 0 [Flags] 2 [Guid] 1580064900 [EditorId] 1580064900 [Version] 1048832 [Id] WindowsEditor(7,DESKTOP-84GBAGC) [Debug] 1 [PackageName] WindowsEditor [ProjectName] Editor" joined alternative multi-casting on [225.0.0.222:34997]...

Refreshing native plugins compatible for Editor in 156.28 ms, found 3 plugins.
Preloading 0 native plugins for Editor in 0.00 ms.
Initialize engine version: 2021.3.25f1 (68ef2c4f8861)
[Subsystems] Discovering subsystems at path C:/Program Files/Unity 2021.3.25f1/Editor/Data/Resources/UnitySubsystems
[Subsystems] Discovering subsystems at path C:/Users/90538/Desktop/GithubProjects/JumpAndRun/Assets
GfxDevice: creating device client; threaded=0; jobified=0
Direct3D:
    Version:  Direct3D 11.0 [level 11.1]
    Renderer: NVIDIA GeForce RTX 3050 Ti Laptop GPU (ID=0x25a0)
    Vendor:   NVIDIA
    VRAM:     3990 MB
    Driver:   31.0.15.1748
Initialize mono
Mono path[0] = 'C:/Program Files/Unity 2021.3.25f1/Editor/Data/Managed'
Mono path[1] = 'C:/Program Files/Unity 2021.3.25f1/Editor/Data/MonoBleedingEdge/lib/mono/unityjit-win32'
Mono config path = 'C:/Program Files/Unity 2021.3.25f1/Editor/Data/MonoBleedingEdge/etc'
Using monoOptions --debugger-agent=transport=dt_socket,embedding=1,server=y,suspend=n,address=127.0.0.1:56284
Begin MonoManager ReloadAssembly
Registering precompiled unity dll's ...
Register platform support module: C:/Program Files/Unity 2021.3.25f1/Editor/Data/PlaybackEngines/AndroidPlayer/UnityEditor.Android.Extensions.dll
Register platform support module: C:/Program Files/Unity 2021.3.25f1/Editor/Data/PlaybackEngines/WindowsStandaloneSupport/UnityEditor.WindowsStandalone.Extensions.dll
Registered in 0.007174 seconds.
Native extension for WindowsStandalone target not found
Native extension for Android target not found
Android Extension - Scanning For ADB Devices 187 ms
Refreshing native plugins compatible for Editor in 135.72 ms, found 3 plugins.
Preloading 0 native plugins for Editor in 0.00 ms.
Mono: successfully reloaded assembly
- Completed reload, in  1.065 seconds
Domain Reload Profiling:
	ReloadAssembly (1065ms)
		BeginReloadAssembly (95ms)
			ExecutionOrderSort (0ms)
			DisableScriptedObjects (0ms)
			BackupInstance (0ms)
			ReleaseScriptingObjects (0ms)
			CreateAndSetChildDomain (1ms)
		EndReloadAssembly (829ms)
			LoadAssemblies (94ms)
			RebuildTransferFunctionScriptingTraits (0ms)
			SetupTypeCache (137ms)
			ReleaseScriptCaches (0ms)
			RebuildScriptCaches (32ms)
			SetupLoadedEditorAssemblies (607ms)
				LogAssemblyErrors (0ms)
				InitializePlatformSupportModulesInManaged (274ms)
				SetLoadedEditorAssemblies (0ms)
				RefreshPlugins (136ms)
				BeforeProcessingInitializeOnLoad (2ms)
				ProcessInitializeOnLoadAttributes (151ms)
				ProcessInitializeOnLoadMethodAttributes (44ms)
				AfterProcessingInitializeOnLoad (0ms)
				EditorAssembliesLoaded (0ms)
			ExecutionOrderSort2 (0ms)
			AwakeInstancesAfterBackupRestoration (0ms)
Platform modules already initialized, skipping
Registering precompiled user dll's ...
Registered in 0.007349 seconds.
Begin MonoManager ReloadAssembly
Symbol file LoadedFromMemory doesn't match image C:\Users\90538\Desktop\GithubProjects\JumpAndRun\Library\PackageCache\com.unity.visualscripting@1.8.0\Editor\VisualScripting.Core\Dependencies\YamlDotNet\Unity.VisualScripting.YamlDotNet.dll
Symbol file LoadedFromMemory doesn't match image C:\Users\90538\Desktop\GithubProjects\JumpAndRun\Library\PackageCache\com.unity.visualscripting@1.8.0\Editor\VisualScripting.Core\Dependencies\DotNetZip\Unity.VisualScripting.IonicZip.dll
Native extension for WindowsStandalone target not found
Native extension for Android target not found
Refreshing native plugins compatible for Editor in 1.00 ms, found 3 plugins.
Preloading 0 native plugins for Editor in 0.00 ms.
Mono: successfully reloaded assembly
- Completed reload, in  1.325 seconds
Domain Reload Profiling:
	ReloadAssembly (1327ms)
		BeginReloadAssembly (151ms)
			ExecutionOrderSort (0ms)
			DisableScriptedObjects (7ms)
			BackupInstance (0ms)
			ReleaseScriptingObjects (0ms)
			CreateAndSetChildDomain (25ms)
		EndReloadAssembly (1052ms)
			LoadAssemblies (103ms)
			RebuildTransferFunctionScriptingTraits (0ms)
			SetupTypeCache (436ms)
			ReleaseScriptCaches (1ms)
			RebuildScriptCaches (62ms)
			SetupLoadedEditorAssemblies (416ms)
				LogAssemblyErrors (0ms)
				InitializePlatformSupportModulesInManaged (20ms)
				SetLoadedEditorAssemblies (0ms)
				RefreshPlugins (1ms)
				BeforeProcessingInitializeOnLoad (95ms)
				ProcessInitializeOnLoadAttributes (268ms)
				ProcessInitializeOnLoadMethodAttributes (21ms)
				AfterProcessingInitializeOnLoad (9ms)
				EditorAssembliesLoaded (0ms)
			ExecutionOrderSort2 (0ms)
			AwakeInstancesAfterBackupRestoration (9ms)
Platform modules already initialized, skipping
========================================================================
Worker process is ready to serve import requests
Launched and connected shader compiler UnityShaderCompiler.exe after 0.05 seconds
Refreshing native plugins compatible for Editor in 0.92 ms, found 3 plugins.
Preloading 0 native plugins for Editor in 0.00 ms.
Unloading 3925 Unused Serialized files (Serialized files now loaded: 0)
Unloading 29 unused Assets / (284.9 KB). Loaded Objects now: 4390.
Memory consumption went from 140.2 MB to 140.0 MB.
Total: 3.066200 ms (FindLiveObjects: 0.348500 ms CreateObjectMapping: 0.143700 ms MarkObjects: 2.488600 ms  DeleteObjects: 0.084400 ms)

AssetImportParameters requested are different than current active one (requested -> active):
  custom:video-decoder-ogg-theora: a1e56fd34408186e4bbccfd4996cb3dc -> 
  custom:container-muxer-webm: aa71ff27fc2769a1b78a27578f13a17b -> 
  custom:container-demuxer-webm: 4f35f7cbe854078d1ac9338744f61a02 -> 
  custom:video-encoder-webm-vp8: eb34c28f22e8b96e1ab97ce403110664 -> 
  custom:audio-encoder-webm-vorbis: bf7c407c2cedff20999df2af8eb42d56 -> 
  custom:framework-win-MediaFoundation: 216162199b28c13a410421893ffa2e32 -> 
  custom:container-demuxer-ogg: 62fdf1f143b41e24485cea50d1cbac27 -> 
  custom:video-decoder-webm-vp8: 9c59270c3fd7afecdb556c50c9e8de78 -> 
  custom:audio-decoder-ogg-vorbis: bf7c407c2cedff20999df2af8eb42d56 -> 
========================================================================
Received Import Request.
  Time since last request: 7750.036399 seconds.
  path: Assets/Art/GUI Mobile Hyper-Casual/Sprites/Sprites by Menu/Prize Machine-assets/SELECT A CHEST.png
  artifactKey: Guid(900a697ea92209a4a98cd699c3ebbf37) Importer(815301076,1909f56bfc062723c751e8b465ee728b)
Start importing Assets/Art/GUI Mobile Hyper-Casual/Sprites/Sprites by Menu/Prize Machine-assets/SELECT A CHEST.png using Guid(900a697ea92209a4a98cd699c3ebbf37) Importer(815301076,1909f56bfc062723c751e8b465ee728b)  -> (artifact id: '650a9c446ec6f0a975dd73449d27fc04') in 0.157261 seconds 
========================================================================
Received Import Request.
  Time since last request: 0.000037 seconds.
  path: Assets/Art/GUI Mobile Hyper-Casual/Sprites/Additional White Icons/Treasure.png
  artifactKey: Guid(b2c8e9f34b631664793eadfd331cecc8) Importer(815301076,1909f56bfc062723c751e8b465ee728b)
Start importing Assets/Art/GUI Mobile Hyper-Casual/Sprites/Additional White Icons/Treasure.png using Guid(b2c8e9f34b631664793eadfd331cecc8) Importer(815301076,1909f56bfc062723c751e8b465ee728b)  -> (artifact id: 'c8b45cbaa57081da392144e6d6a54ec7') in 0.060720 seconds 
========================================================================
Received Import Request.
  Time since last request: 0.000039 seconds.
  path: Assets/Art/GUI Mobile Hyper-Casual/Sprites/Sprites by Menu/In Game-assets/TRY AGAIN.png
  artifactKey: Guid(4f14613cb7f26c245baf3b75d32472f7) Importer(815301076,1909f56bfc062723c751e8b465ee728b)
Start importing Assets/Art/GUI Mobile Hyper-Casual/Sprites/Sprites by Menu/In Game-assets/TRY AGAIN.png using Guid(4f14613cb7f26c245baf3b75d32472f7) Importer(815301076,1909f56bfc062723c751e8b465ee728b)  -> (artifact id: '22cadee4e56d11859658961975ed0cca') in 0.049205 seconds 
========================================================================
Received Import Request.
  Time since last request: 0.000065 seconds.
  path: Assets/Art/GUI Mobile Hyper-Casual/Sprites/Items PSD + PNG/Potion/Potion/Turquoise.png
  artifactKey: Guid(f4a0a8d867f1ee24b8dbe5ab14ea5153) Importer(815301076,1909f56bfc062723c751e8b465ee728b)
Start importing Assets/Art/GUI Mobile Hyper-Casual/Sprites/Items PSD + PNG/Potion/Potion/Turquoise.png using Guid(f4a0a8d867f1ee24b8dbe5ab14ea5153) Importer(815301076,1909f56bfc062723c751e8b465ee728b)  -> (artifact id: '9684b097ca2aebd86b9c68b28ca8e09c') in 0.062485 seconds 
========================================================================
Received Import Request.
  Time since last request: 0.000031 seconds.
  path: Assets/Art/GUI Mobile Hyper-Casual/Sprites/Sprites by Menu/In Game-assets/success.png
  artifactKey: Guid(5d79e8c081b45594d896d6b21816ae17) Importer(815301076,1909f56bfc062723c751e8b465ee728b)
Start importing Assets/Art/GUI Mobile Hyper-Casual/Sprites/Sprites by Menu/In Game-assets/success.png using Guid(5d79e8c081b45594d896d6b21816ae17) Importer(815301076,1909f56bfc062723c751e8b465ee728b)  -> (artifact id: '589772bb11872b7148efa452bf21025c') in 0.035251 seconds 
========================================================================
Received Import Request.
  Time since last request: 0.000040 seconds.
  path: Assets/Art/GUI Mobile Hyper-Casual/Sprites/Sprites by Menu/In Game-assets/Triumph.png
  artifactKey: Guid(81418388f10631744b54f5ac8f2eba0c) Importer(815301076,1909f56bfc062723c751e8b465ee728b)
Start importing Assets/Art/GUI Mobile Hyper-Casual/Sprites/Sprites by Menu/In Game-assets/Triumph.png using Guid(81418388f10631744b54f5ac8f2eba0c) Importer(815301076,1909f56bfc062723c751e8b465ee728b)  -> (artifact id: 'b342a8ec8a951e066c9fb740c1b372bf') in 0.039272 seconds 
========================================================================
Received Import Request.
  Time since last request: 0.000032 seconds.
  path: Assets/Art/GUI Mobile Hyper-Casual/Sprites/Items PSD + PNG/Target/Target.png
  artifactKey: Guid(c6530d17abecfda40b50113cf83dd433) Importer(815301076,1909f56bfc062723c751e8b465ee728b)
Start importing Assets/Art/GUI Mobile Hyper-Casual/Sprites/Items PSD + PNG/Target/Target.png using Guid(c6530d17abecfda40b50113cf83dd433) Importer(815301076,1909f56bfc062723c751e8b465ee728b)  -> (artifact id: '2f96dfbc7cfed792312e025e6cbeefc8') in 0.049398 seconds 
========================================================================
Received Import Request.
  Time since last request: 0.000029 seconds.
  path: Assets/Art/GUI Mobile Hyper-Casual/Sprites/Items PSD + PNG/Card/Red.png
  artifactKey: Guid(c5b8f60b5d4be4c458ff8c3afe5ab594) Importer(815301076,1909f56bfc062723c751e8b465ee728b)
Start importing Assets/Art/GUI Mobile Hyper-Casual/Sprites/Items PSD + PNG/Card/Red.png using Guid(c5b8f60b5d4be4c458ff8c3afe5ab594) Importer(815301076,1909f56bfc062723c751e8b465ee728b)  -> (artifact id: 'db2a5d93c052055d999f8b1e72471841') in 0.060589 seconds 
========================================================================
Received Import Request.
  Time since last request: 0.000036 seconds.
  path: Assets/Art/GUI Mobile Hyper-Casual/Sprites/Additional White Icons/Trophy.png
  artifactKey: Guid(622512446a2443f4da7ba1ca9c089e2c) Importer(815301076,1909f56bfc062723c751e8b465ee728b)
Start importing Assets/Art/GUI Mobile Hyper-Casual/Sprites/Additional White Icons/Trophy.png using Guid(622512446a2443f4da7ba1ca9c089e2c) Importer(815301076,1909f56bfc062723c751e8b465ee728b)  -> (artifact id: '9ac4d0da138438e83f9c58600b39bf22') in 0.047144 seconds 
========================================================================
Received Import Request.
  Time since last request: 0.015658 seconds.
  path: Assets/Art/GUI Mobile Hyper-Casual/Sprites/Sprites by Menu/In Game-assets/Tuto Ellipse.png
  artifactKey: Guid(6e17e27cde593c245a8f34563057e558) Importer(815301076,1909f56bfc062723c751e8b465ee728b)
Start importing Assets/Art/GUI Mobile Hyper-Casual/Sprites/Sprites by Menu/In Game-assets/Tuto Ellipse.png using Guid(6e17e27cde593c245a8f34563057e558) Importer(815301076,1909f56bfc062723c751e8b465ee728b)  -> (artifact id: 'f37e1dc6db5bb9d6590e8bacb4a0fa86') in 0.046954 seconds 
========================================================================
Received Import Request.
  Time since last request: 0.000034 seconds.
  path: Assets/Art/GUI Mobile Hyper-Casual/Sprites/Items PSD + PNG/Pills/White.png
  artifactKey: Guid(1bc2f2cd0fa68db43898b0e1ee48b680) Importer(815301076,1909f56bfc062723c751e8b465ee728b)
Start importing Assets/Art/GUI Mobile Hyper-Casual/Sprites/Items PSD + PNG/Pills/White.png using Guid(1bc2f2cd0fa68db43898b0e1ee48b680) Importer(815301076,1909f56bfc062723c751e8b465ee728b)  -> (artifact id: '41453c8e19edb1acf478b59e9266fd82') in 0.053723 seconds 
========================================================================
Received Import Request.
  Time since last request: 0.000036 seconds.
  path: Assets/Art/GUI Mobile Hyper-Casual/Sprites/Items PSD + PNG/Gift/White.png
  artifactKey: Guid(0b255608c8d94f04b88453715e175845) Importer(815301076,1909f56bfc062723c751e8b465ee728b)
Start importing Assets/Art/GUI Mobile Hyper-Casual/Sprites/Items PSD + PNG/Gift/White.png using Guid(0b255608c8d94f04b88453715e175845) Importer(815301076,1909f56bfc062723c751e8b465ee728b)  -> (artifact id: 'b7629b5a6267fe64418b5e4d534da3a3') in 0.067393 seconds 
========================================================================
Received Import Request.
  Time since last request: 0.000029 seconds.
  path: Assets/Art/GUI Mobile Hyper-Casual/Sprites/Items PSD + PNG/Wizard Hat/White.png
  artifactKey: Guid(0de6fcfff8d64d34a8f59009141d9b40) Importer(815301076,1909f56bfc062723c751e8b465ee728b)
Start importing Assets/Art/GUI Mobile Hyper-Casual/Sprites/Items PSD + PNG/Wizard Hat/White.png using Guid(0de6fcfff8d64d34a8f59009141d9b40) Importer(815301076,1909f56bfc062723c751e8b465ee728b)  -> (artifact id: '8dece682c78a7e7625f036ec11ddf400') in 0.054687 seconds 
========================================================================
Received Import Request.
  Time since last request: 0.000045 seconds.
  path: Assets/Art/GUI Mobile Hyper-Casual/Sprites/Sprites by Menu/In Game-assets/Waouh.png
  artifactKey: Guid(8462306cddb06ae4da0a7e49e1486e36) Importer(815301076,1909f56bfc062723c751e8b465ee728b)
Start importing Assets/Art/GUI Mobile Hyper-Casual/Sprites/Sprites by Menu/In Game-assets/Waouh.png using Guid(8462306cddb06ae4da0a7e49e1486e36) Importer(815301076,1909f56bfc062723c751e8b465ee728b)  -> (artifact id: '3aa05bba91e29c5f2012acfc76d4c4ae') in 0.035992 seconds 
========================================================================
Received Import Request.
  Time since last request: 0.000035 seconds.
  path: Assets/Art/GUI Mobile Hyper-Casual/Sprites/Items PSD + PNG/TV/White.png
  artifactKey: Guid(33c422dd4ce97154cb5a87aad6841f46) Importer(815301076,1909f56bfc062723c751e8b465ee728b)
Start importing Assets/Art/GUI Mobile Hyper-Casual/Sprites/Items PSD + PNG/TV/White.png using Guid(33c422dd4ce97154cb5a87aad6841f46) Importer(815301076,1909f56bfc062723c751e8b465ee728b)  -> (artifact id: '7e1e66046d5c269b0695d408dfee98e7') in 0.051771 seconds 
========================================================================
Received Import Request.
  Time since last request: 0.000025 seconds.
  path: Assets/Art/GUI Mobile Hyper-Casual/Sprites/Items PSD + PNG/Hourglass/White.png
  artifactKey: Guid(5bd6f78905861a547b57637883ea1329) Importer(815301076,1909f56bfc062723c751e8b465ee728b)
Start importing Assets/Art/GUI Mobile Hyper-Casual/Sprites/Items PSD + PNG/Hourglass/White.png using Guid(5bd6f78905861a547b57637883ea1329) Importer(815301076,1909f56bfc062723c751e8b465ee728b)  -> (artifact id: '94bd847f598e7f3d40a83968c21c44c2') in 0.045706 seconds 
========================================================================
Received Import Request.
  Time since last request: 0.060739 seconds.
  path: Assets/Art/GUI Mobile Hyper-Casual/Sprites/Items PSD + PNG/Diamonds/Diamonds/White.png
  artifactKey: Guid(ba6d07f994413f5408b3b32c300167a7) Importer(815301076,1909f56bfc062723c751e8b465ee728b)
Start importing Assets/Art/GUI Mobile Hyper-Casual/Sprites/Items PSD + PNG/Diamonds/Diamonds/White.png using Guid(ba6d07f994413f5408b3b32c300167a7) Importer(815301076,1909f56bfc062723c751e8b465ee728b)  -> (artifact id: 'ca919888f0cdc6742a21b8270682376a') in 0.066387 seconds 
========================================================================
Received Import Request.
  Time since last request: 0.000018 seconds.
  path: Assets/Art/GUI Mobile Hyper-Casual/Sprites/Items PSD + PNG/Diplome/White.png
  artifactKey: Guid(5f9a59af26ebaf940910f87936f6a766) Importer(815301076,1909f56bfc062723c751e8b465ee728b)
Start importing Assets/Art/GUI Mobile Hyper-Casual/Sprites/Items PSD + PNG/Diplome/White.png using Guid(5f9a59af26ebaf940910f87936f6a766) Importer(815301076,1909f56bfc062723c751e8b465ee728b)  -> (artifact id: '709d23c002074aeabb8a6b3d860be8a4') in 0.040480 seconds 
========================================================================
Received Import Request.
  Time since last request: 0.000025 seconds.
  path: Assets/Art/GUI Mobile Hyper-Casual/Sprites/Items PSD + PNG/Bag/Bag/White Bag.png
  artifactKey: Guid(09536d343affb644fba248df0c1be8c0) Importer(815301076,1909f56bfc062723c751e8b465ee728b)
Start importing Assets/Art/GUI Mobile Hyper-Casual/Sprites/Items PSD + PNG/Bag/Bag/White Bag.png using Guid(09536d343affb644fba248df0c1be8c0) Importer(815301076,1909f56bfc062723c751e8b465ee728b)  -> (artifact id: '5c283649732372605c04ccd2445ff5eb') in 0.046565 seconds 
========================================================================
Received Import Request.
  Time since last request: 0.000032 seconds.
  path: Assets/Art/GUI Mobile Hyper-Casual/Sprites/Items PSD + PNG/Potion/Potion/White.png
  artifactKey: Guid(d4675828ce1e4c142a77d0e55259768b) Importer(815301076,1909f56bfc062723c751e8b465ee728b)
Start importing Assets/Art/GUI Mobile Hyper-Casual/Sprites/Items PSD + PNG/Potion/Potion/White.png using Guid(d4675828ce1e4c142a77d0e55259768b) Importer(815301076,1909f56bfc062723c751e8b465ee728b)  -> (artifact id: '594df60ead672c935bd32ec2ccecd3e4') in 0.047827 seconds 
========================================================================
Received Import Request.
  Time since last request: 0.000045 seconds.
  path: Assets/Art/GUI Mobile Hyper-Casual/Sprites/Items PSD + PNG/Clock/White.png
  artifactKey: Guid(54c28757bd2c1f94d9e2f86442459b84) Importer(815301076,1909f56bfc062723c751e8b465ee728b)
Start importing Assets/Art/GUI Mobile Hyper-Casual/Sprites/Items PSD + PNG/Clock/White.png using Guid(54c28757bd2c1f94d9e2f86442459b84) Importer(815301076,1909f56bfc062723c751e8b465ee728b)  -> (artifact id: 'e316ca35b10215ef6ea1b5e25c19c5ea') in 0.045111 seconds 
========================================================================
Received Import Request.
  Time since last request: 0.000037 seconds.
  path: Assets/Art/GUI Mobile Hyper-Casual/Sprites/Items PSD + PNG/Key/White.png
  artifactKey: Guid(0dc99d3609fc6414ab0a4ac486b89ab2) Importer(815301076,1909f56bfc062723c751e8b465ee728b)
Start importing Assets/Art/GUI Mobile Hyper-Casual/Sprites/Items PSD + PNG/Key/White.png using Guid(0dc99d3609fc6414ab0a4ac486b89ab2) Importer(815301076,1909f56bfc062723c751e8b465ee728b)  -> (artifact id: '08134deee9b3034b42b2870202482934') in 0.052698 seconds 
========================================================================
Received Import Request.
  Time since last request: 0.000024 seconds.
  path: Assets/Art/GUI Mobile Hyper-Casual/Sprites/Items PSD + PNG/Ball/White.png
  artifactKey: Guid(14203d857f625bd4ea0e0abaf69dcd4d) Importer(815301076,1909f56bfc062723c751e8b465ee728b)
Start importing Assets/Art/GUI Mobile Hyper-Casual/Sprites/Items PSD + PNG/Ball/White.png using Guid(14203d857f625bd4ea0e0abaf69dcd4d) Importer(815301076,1909f56bfc062723c751e8b465ee728b)  -> (artifact id: 'a59dee85ab98a546231014bd5cb7cc7b') in 0.062185 seconds 
========================================================================
Received Import Request.
  Time since last request: 3.101806 seconds.
  path: Assets/Art/GUI Mobile Hyper-Casual/Artwork PSD + Screens/SCREENS/Win 4.jpg
  artifactKey: Guid(a25648e2584a9364195b871132992a00) Importer(815301076,1909f56bfc062723c751e8b465ee728b)
Start importing Assets/Art/GUI Mobile Hyper-Casual/Artwork PSD + Screens/SCREENS/Win 4.jpg using Guid(a25648e2584a9364195b871132992a00) Importer(815301076,1909f56bfc062723c751e8b465ee728b)  -> (artifact id: '6887e3c29afc94a2996f2dfd1869fade') in 0.304340 seconds 
========================================================================
Received Import Request.
  Time since last request: 0.000019 seconds.
  path: Assets/Art/GUI Mobile Hyper-Casual/Sprites/Sprites by Menu/Buttons-assets/Yellow Buton OK.png
  artifactKey: Guid(950cc223f0ccb454fbc465474d358735) Importer(815301076,1909f56bfc062723c751e8b465ee728b)
Start importing Assets/Art/GUI Mobile Hyper-Casual/Sprites/Sprites by Menu/Buttons-assets/Yellow Buton OK.png using Guid(950cc223f0ccb454fbc465474d358735) Importer(815301076,1909f56bfc062723c751e8b465ee728b)  -> (artifact id: 'e3e210587e0b6893886e78da63b08c20') in 0.064982 seconds 
========================================================================
Received Import Request.
  Time since last request: 0.000031 seconds.
  path: Assets/Art/GUI Mobile Hyper-Casual/Sprites/Items PSD + PNG/Badge/Yellow.png
  artifactKey: Guid(bcbcd1cc7daf57c4692465e18cadf98b) Importer(815301076,1909f56bfc062723c751e8b465ee728b)
Start importing Assets/Art/GUI Mobile Hyper-Casual/Sprites/Items PSD + PNG/Badge/Yellow.png using Guid(bcbcd1cc7daf57c4692465e18cadf98b) Importer(815301076,1909f56bfc062723c751e8b465ee728b)  -> (artifact id: 'dd750b075929213b7e89e2bc4dde5969') in 0.035636 seconds 
========================================================================
Received Import Request.
  Time since last request: 0.000017 seconds.
  path: Assets/Art/GUI Mobile Hyper-Casual/Sprites/Items PSD + PNG/Wizard Hat/WIzard chapeau.png
  artifactKey: Guid(144bf574abdd324418f8e0c5c60ee55c) Importer(815301076,1909f56bfc062723c751e8b465ee728b)
Start importing Assets/Art/GUI Mobile Hyper-Casual/Sprites/Items PSD + PNG/Wizard Hat/WIzard chapeau.png using Guid(144bf574abdd324418f8e0c5c60ee55c) Importer(815301076,1909f56bfc062723c751e8b465ee728b)  -> (artifact id: '7ebea35087eb3c3bf3c171638619597e') in 0.039439 seconds 
========================================================================
Received Import Request.
  Time since last request: 0.000020 seconds.
  path: Assets/Art/GUI Mobile Hyper-Casual/Sprites/Items PSD + PNG/Wizard Hat/WIzard chapeau.psd
  artifactKey: Guid(d751c31ade1540540985990e07a7b89d) Importer(815301076,1909f56bfc062723c751e8b465ee728b)
Start importing Assets/Art/GUI Mobile Hyper-Casual/Sprites/Items PSD + PNG/Wizard Hat/WIzard chapeau.psd using Guid(d751c31ade1540540985990e07a7b89d) Importer(815301076,1909f56bfc062723c751e8b465ee728b)  -> (artifact id: '08fbbd19881ce95458a0d948bf24b264') in 0.034101 seconds 
========================================================================
Received Import Request.
  Time since last request: 0.000015 seconds.
  path: Assets/Art/GUI Mobile Hyper-Casual/Sprites/Items PSD + PNG/Bolt/Yellow.png
  artifactKey: Guid(e8c7c83965a19564c9065c74520506f8) Importer(815301076,1909f56bfc062723c751e8b465ee728b)
Start importing Assets/Art/GUI Mobile Hyper-Casual/Sprites/Items PSD + PNG/Bolt/Yellow.png using Guid(e8c7c83965a19564c9065c74520506f8) Importer(815301076,1909f56bfc062723c751e8b465ee728b)  -> (artifact id: 'b86361f4b1cfebc0717e7bd1f6e16931') in 0.030711 seconds 
========================================================================
Received Import Request.
  Time since last request: 1.004139 seconds.
  path: Assets/Art/GUI Mobile Hyper-Casual/Sprites/Sprites by Menu/Home-assets/Yellow Square.png
  artifactKey: Guid(448da1362e1336540b9e48db487816ee) Importer(815301076,1909f56bfc062723c751e8b465ee728b)
Start importing Assets/Art/GUI Mobile Hyper-Casual/Sprites/Sprites by Menu/Home-assets/Yellow Square.png using Guid(448da1362e1336540b9e48db487816ee) Importer(815301076,1909f56bfc062723c751e8b465ee728b)  -> (artifact id: '418f6503cae068cd9c554ce1d0581112') in 0.026190 seconds 
Editor requested this worker to shutdown with reason: Scaling down because of idle timeout
AssetImportWorker is now disconnected from the server
Process exiting
Exiting without the bug reporter. Application will terminate with return code 0