Using pre-set license
Built from '2021.3/staging' branch; Version is '2021.3.25f1 (68ef2c4f8861) revision 6876972'; Using compiler version '192829333'; Build Type 'Release'
OS: 'Windows 10  (10.0.19045) 64bit Enterprise' Language: 'en' Physical Memory: 32547 MB
BatchMode: 1, IsHumanControllingUs: 0, StartBugReporterOnCrash: 0, Is64bit: 1, IsPro: 1

COMMAND LINE ARGUMENTS:
C:\Program Files\Unity 2021.3.25f1\Editor\Unity.exe
-adb2
-batchMode
-noUpm
-name
AssetImportWorker1
-projectPath
C:/Users/90538/Desktop/GithubProjects/JumpAndRun
-logFile
Logs/AssetImportWorker1.log
-srvPort
61909
Successfully changed project path to: C:/Users/90538/Desktop/GithubProjects/JumpAndRun
C:/Users/90538/Desktop/GithubProjects/JumpAndRun
[UnityMemory] Configuration Parameters - Can be set up in boot.config
    "memorysetup-bucket-allocator-granularity=16"
    "memorysetup-bucket-allocator-bucket-count=8"
    "memorysetup-bucket-allocator-block-size=33554432"
    "memorysetup-bucket-allocator-block-count=8"
    "memorysetup-main-allocator-block-size=16777216"
    "memorysetup-thread-allocator-block-size=16777216"
    "memorysetup-gfx-main-allocator-block-size=16777216"
    "memorysetup-gfx-thread-allocator-block-size=16777216"
    "memorysetup-cache-allocator-block-size=4194304"
    "memorysetup-typetree-allocator-block-size=2097152"
    "memorysetup-profiler-bucket-allocator-granularity=16"
    "memorysetup-profiler-bucket-allocator-bucket-count=8"
    "memorysetup-profiler-bucket-allocator-block-size=33554432"
    "memorysetup-profiler-bucket-allocator-block-count=8"
    "memorysetup-profiler-allocator-block-size=16777216"
    "memorysetup-profiler-editor-allocator-block-size=1048576"
    "memorysetup-temp-allocator-size-main=16777216"
    "memorysetup-job-temp-allocator-block-size=2097152"
    "memorysetup-job-temp-allocator-block-size-background=1048576"
    "memorysetup-job-temp-allocator-reduction-small-platforms=262144"
    "memorysetup-temp-allocator-size-background-worker=32768"
    "memorysetup-temp-allocator-size-job-worker=262144"
    "memorysetup-temp-allocator-size-preload-manager=33554432"
    "memorysetup-temp-allocator-size-nav-mesh-worker=65536"
    "memorysetup-temp-allocator-size-audio-worker=65536"
    "memorysetup-temp-allocator-size-cloud-worker=32768"
    "memorysetup-temp-allocator-size-gi-baking-worker=262144"
    "memorysetup-temp-allocator-size-gfx=262144"
Player connection [17632] Host "[IP] 192.168.0.101 [Port] 0 [Flags] 2 [Guid] 1808462382 [EditorId] 1808462382 [Version] 1048832 [Id] WindowsEditor(7,DESKTOP-84GBAGC) [Debug] 1 [PackageName] WindowsEditor [ProjectName] Editor" joined multi-casting on [225.0.0.222:54997]...

Player connection [17632] Host "[IP] 192.168.0.101 [Port] 0 [Flags] 2 [Guid] 1808462382 [EditorId] 1808462382 [Version] 1048832 [Id] WindowsEditor(7,DESKTOP-84GBAGC) [Debug] 1 [PackageName] WindowsEditor [ProjectName] Editor" joined alternative multi-casting on [225.0.0.222:34997]...

Refreshing native plugins compatible for Editor in 72.78 ms, found 3 plugins.
Preloading 0 native plugins for Editor in 0.00 ms.
Initialize engine version: 2021.3.25f1 (68ef2c4f8861)
[Subsystems] Discovering subsystems at path C:/Program Files/Unity 2021.3.25f1/Editor/Data/Resources/UnitySubsystems
[Subsystems] Discovering subsystems at path C:/Users/90538/Desktop/GithubProjects/JumpAndRun/Assets
GfxDevice: creating device client; threaded=0; jobified=0
Direct3D:
    Version:  Direct3D 11.0 [level 11.1]
    Renderer: NVIDIA GeForce RTX 3050 Ti Laptop GPU (ID=0x25a0)
    Vendor:   NVIDIA
    VRAM:     3990 MB
    Driver:   31.0.15.1748
Initialize mono
Mono path[0] = 'C:/Program Files/Unity 2021.3.25f1/Editor/Data/Managed'
Mono path[1] = 'C:/Program Files/Unity 2021.3.25f1/Editor/Data/MonoBleedingEdge/lib/mono/unityjit-win32'
Mono config path = 'C:/Program Files/Unity 2021.3.25f1/Editor/Data/MonoBleedingEdge/etc'
Using monoOptions --debugger-agent=transport=dt_socket,embedding=1,server=y,suspend=n,address=127.0.0.1:56112
Begin MonoManager ReloadAssembly
Registering precompiled unity dll's ...
Register platform support module: C:/Program Files/Unity 2021.3.25f1/Editor/Data/PlaybackEngines/AndroidPlayer/UnityEditor.Android.Extensions.dll
Register platform support module: C:/Program Files/Unity 2021.3.25f1/Editor/Data/PlaybackEngines/WindowsStandaloneSupport/UnityEditor.WindowsStandalone.Extensions.dll
Registered in 0.003063 seconds.
Native extension for WindowsStandalone target not found
Native extension for Android target not found
Android Extension - Scanning For ADB Devices 199 ms
Refreshing native plugins compatible for Editor in 123.00 ms, found 3 plugins.
Preloading 0 native plugins for Editor in 0.00 ms.
Mono: successfully reloaded assembly
- Completed reload, in  1.129 seconds
Domain Reload Profiling:
	ReloadAssembly (1129ms)
		BeginReloadAssembly (83ms)
			ExecutionOrderSort (0ms)
			DisableScriptedObjects (0ms)
			BackupInstance (0ms)
			ReleaseScriptingObjects (0ms)
			CreateAndSetChildDomain (1ms)
		EndReloadAssembly (938ms)
			LoadAssemblies (81ms)
			RebuildTransferFunctionScriptingTraits (0ms)
			SetupTypeCache (139ms)
			ReleaseScriptCaches (0ms)
			RebuildScriptCaches (35ms)
			SetupLoadedEditorAssemblies (545ms)
				LogAssemblyErrors (0ms)
				InitializePlatformSupportModulesInManaged (282ms)
				SetLoadedEditorAssemblies (0ms)
				RefreshPlugins (123ms)
				BeforeProcessingInitializeOnLoad (1ms)
				ProcessInitializeOnLoadAttributes (91ms)
				ProcessInitializeOnLoadMethodAttributes (48ms)
				AfterProcessingInitializeOnLoad (0ms)
				EditorAssembliesLoaded (0ms)
			ExecutionOrderSort2 (0ms)
			AwakeInstancesAfterBackupRestoration (0ms)
Platform modules already initialized, skipping
Registering precompiled user dll's ...
Registered in 0.008969 seconds.
Begin MonoManager ReloadAssembly
Symbol file LoadedFromMemory doesn't match image C:\Users\90538\Desktop\GithubProjects\JumpAndRun\Library\PackageCache\com.unity.visualscripting@1.8.0\Editor\VisualScripting.Core\Dependencies\YamlDotNet\Unity.VisualScripting.YamlDotNet.dll
Symbol file LoadedFromMemory doesn't match image C:\Users\90538\Desktop\GithubProjects\JumpAndRun\Library\PackageCache\com.unity.visualscripting@1.8.0\Editor\VisualScripting.Core\Dependencies\DotNetZip\Unity.VisualScripting.IonicZip.dll
Native extension for WindowsStandalone target not found
Native extension for Android target not found
Refreshing native plugins compatible for Editor in 0.90 ms, found 3 plugins.
Preloading 0 native plugins for Editor in 0.00 ms.
Mono: successfully reloaded assembly
- Completed reload, in  1.339 seconds
Domain Reload Profiling:
	ReloadAssembly (1340ms)
		BeginReloadAssembly (245ms)
			ExecutionOrderSort (0ms)
			DisableScriptedObjects (6ms)
			BackupInstance (0ms)
			ReleaseScriptingObjects (0ms)
			CreateAndSetChildDomain (24ms)
		EndReloadAssembly (992ms)
			LoadAssemblies (210ms)
			RebuildTransferFunctionScriptingTraits (0ms)
			SetupTypeCache (384ms)
			ReleaseScriptCaches (1ms)
			RebuildScriptCaches (64ms)
			SetupLoadedEditorAssemblies (418ms)
				LogAssemblyErrors (0ms)
				InitializePlatformSupportModulesInManaged (21ms)
				SetLoadedEditorAssemblies (0ms)
				RefreshPlugins (1ms)
				BeforeProcessingInitializeOnLoad (98ms)
				ProcessInitializeOnLoadAttributes (273ms)
				ProcessInitializeOnLoadMethodAttributes (19ms)
				AfterProcessingInitializeOnLoad (6ms)
				EditorAssembliesLoaded (0ms)
			ExecutionOrderSort2 (0ms)
			AwakeInstancesAfterBackupRestoration (5ms)
Platform modules already initialized, skipping
========================================================================
Worker process is ready to serve import requests
Launched and connected shader compiler UnityShaderCompiler.exe after 0.04 seconds
Refreshing native plugins compatible for Editor in 0.76 ms, found 3 plugins.
Preloading 0 native plugins for Editor in 0.00 ms.
Unloading 3919 Unused Serialized files (Serialized files now loaded: 0)
Unloading 29 unused Assets / (284.8 KB). Loaded Objects now: 4384.
Memory consumption went from 140.1 MB to 139.8 MB.
Total: 2.472300 ms (FindLiveObjects: 0.281900 ms CreateObjectMapping: 0.096500 ms MarkObjects: 2.017100 ms  DeleteObjects: 0.075400 ms)

AssetImportParameters requested are different than current active one (requested -> active):
  custom:video-decoder-ogg-theora: a1e56fd34408186e4bbccfd4996cb3dc -> 
  custom:container-muxer-webm: aa71ff27fc2769a1b78a27578f13a17b -> 
  custom:container-demuxer-webm: 4f35f7cbe854078d1ac9338744f61a02 -> 
  custom:video-encoder-webm-vp8: eb34c28f22e8b96e1ab97ce403110664 -> 
  custom:audio-encoder-webm-vorbis: bf7c407c2cedff20999df2af8eb42d56 -> 
  custom:framework-win-MediaFoundation: 216162199b28c13a410421893ffa2e32 -> 
  custom:container-demuxer-ogg: 62fdf1f143b41e24485cea50d1cbac27 -> 
  custom:video-decoder-webm-vp8: 9c59270c3fd7afecdb556c50c9e8de78 -> 
  custom:audio-decoder-ogg-vorbis: bf7c407c2cedff20999df2af8eb42d56 -> 
========================================================================
Received Import Request.
  Time since last request: 8439.759496 seconds.
  path: Assets/Scripts/UI/Canvas/CanvasManager.cs
  artifactKey: Guid(7853165961b3a1c46a1ba8d2a2099b29) Importer(815301076,1909f56bfc062723c751e8b465ee728b)
Start importing Assets/Scripts/UI/Canvas/CanvasManager.cs using Guid(7853165961b3a1c46a1ba8d2a2099b29) Importer(815301076,1909f56bfc062723c751e8b465ee728b)  -> (artifact id: '6b60db1461cdd7e2a7763bc2c578a6f6') in 0.021643 seconds 
========================================================================
Received Prepare
Registering precompiled user dll's ...
Registered in 0.012101 seconds.
Begin MonoManager ReloadAssembly
Symbol file LoadedFromMemory doesn't match image C:\Users\90538\Desktop\GithubProjects\JumpAndRun\Library\PackageCache\com.unity.visualscripting@1.8.0\Editor\VisualScripting.Core\Dependencies\YamlDotNet\Unity.VisualScripting.YamlDotNet.dll
Symbol file LoadedFromMemory doesn't match image C:\Users\90538\Desktop\GithubProjects\JumpAndRun\Library\PackageCache\com.unity.visualscripting@1.8.0\Editor\VisualScripting.Core\Dependencies\DotNetZip\Unity.VisualScripting.IonicZip.dll
Native extension for WindowsStandalone target not found
Native extension for Android target not found
Refreshing native plugins compatible for Editor in 0.86 ms, found 3 plugins.
Preloading 0 native plugins for Editor in 0.00 ms.
Mono: successfully reloaded assembly
- Completed reload, in  1.057 seconds
Domain Reload Profiling:
	ReloadAssembly (1058ms)
		BeginReloadAssembly (121ms)
			ExecutionOrderSort (0ms)
			DisableScriptedObjects (5ms)
			BackupInstance (0ms)
			ReleaseScriptingObjects (0ms)
			CreateAndSetChildDomain (33ms)
		EndReloadAssembly (858ms)
			LoadAssemblies (74ms)
			RebuildTransferFunctionScriptingTraits (0ms)
			SetupTypeCache (313ms)
			ReleaseScriptCaches (2ms)
			RebuildScriptCaches (49ms)
			SetupLoadedEditorAssemblies (374ms)
				LogAssemblyErrors (0ms)
				InitializePlatformSupportModulesInManaged (20ms)
				SetLoadedEditorAssemblies (0ms)
				RefreshPlugins (1ms)
				BeforeProcessingInitializeOnLoad (71ms)
				ProcessInitializeOnLoadAttributes (255ms)
				ProcessInitializeOnLoadMethodAttributes (19ms)
				AfterProcessingInitializeOnLoad (6ms)
				EditorAssembliesLoaded (0ms)
			ExecutionOrderSort2 (0ms)
			AwakeInstancesAfterBackupRestoration (6ms)
Platform modules already initialized, skipping
Refreshing native plugins compatible for Editor in 1.68 ms, found 3 plugins.
Preloading 0 native plugins for Editor in 0.00 ms.
Unloading 3894 Unused Serialized files (Serialized files now loaded: 0)
Unloading 22 unused Assets / (24.8 KB). Loaded Objects now: 4387.
Memory consumption went from 137.1 MB to 137.1 MB.
Total: 2.710400 ms (FindLiveObjects: 0.331900 ms CreateObjectMapping: 0.169500 ms MarkObjects: 2.171600 ms  DeleteObjects: 0.036400 ms)

AssetImportParameters requested are different than current active one (requested -> active):
  custom:video-decoder-ogg-theora: a1e56fd34408186e4bbccfd4996cb3dc -> 
  custom:container-muxer-webm: aa71ff27fc2769a1b78a27578f13a17b -> 
  custom:container-demuxer-webm: 4f35f7cbe854078d1ac9338744f61a02 -> 
  custom:video-encoder-webm-vp8: eb34c28f22e8b96e1ab97ce403110664 -> 
  custom:audio-encoder-webm-vorbis: bf7c407c2cedff20999df2af8eb42d56 -> 
  custom:framework-win-MediaFoundation: 216162199b28c13a410421893ffa2e32 -> 
  custom:container-demuxer-ogg: 62fdf1f143b41e24485cea50d1cbac27 -> 
  custom:video-decoder-webm-vp8: 9c59270c3fd7afecdb556c50c9e8de78 -> 
  custom:audio-decoder-ogg-vorbis: bf7c407c2cedff20999df2af8eb42d56 -> 
========================================================================
Received Import Request.
  Time since last request: 9.224609 seconds.
  path: Assets/Scripts/UI/Canvas/CanvasController.cs
  artifactKey: Guid(d181964e175270948ac5201b58b8f427) Importer(815301076,1909f56bfc062723c751e8b465ee728b)
Start importing Assets/Scripts/UI/Canvas/CanvasController.cs using Guid(d181964e175270948ac5201b58b8f427) Importer(815301076,1909f56bfc062723c751e8b465ee728b)  -> (artifact id: 'e599fef2d3969c26466a7a7028693b10') in 0.007979 seconds 
========================================================================
Received Import Request.
  Time since last request: 1077.301796 seconds.
  path: Packages/com.unity.collab-proxy/Editor/PlasticSCM/Assets/Images/d_iconinviteusers@2x.png
  artifactKey: Guid(2b9bf8ec5d54fe249ac9e20979ccd42c) Importer(815301076,1909f56bfc062723c751e8b465ee728b)
Start importing Packages/com.unity.collab-proxy/Editor/PlasticSCM/Assets/Images/d_iconinviteusers@2x.png using Guid(2b9bf8ec5d54fe249ac9e20979ccd42c) Importer(815301076,1909f56bfc062723c751e8b465ee728b)  -> (artifact id: '768ba27a9c4b359ff66b355a1d1d3ae3') in 0.098670 seconds 
========================================================================
Received Import Request.
  Time since last request: 0.207674 seconds.
  path: Assets/Art/GUI Mobile Hyper-Casual/Sprites/Items PSD + PNG/Gift/Gift.png
  artifactKey: Guid(6ea22b9604dbb5f489fb7fc30c8692b9) Importer(815301076,1909f56bfc062723c751e8b465ee728b)
Start importing Assets/Art/GUI Mobile Hyper-Casual/Sprites/Items PSD + PNG/Gift/Gift.png using Guid(6ea22b9604dbb5f489fb7fc30c8692b9) Importer(815301076,1909f56bfc062723c751e8b465ee728b)  -> (artifact id: '03310988da77ca95c38348dfeb85bc77') in 0.051997 seconds 
========================================================================
Received Import Request.
  Time since last request: 0.000028 seconds.
  path: Assets/Art/GUI Mobile Hyper-Casual/Sprites/Items PSD + PNG/Gift/Gift 3.psd
  artifactKey: Guid(4657d2d8b79768d45822af67e6e6960a) Importer(815301076,1909f56bfc062723c751e8b465ee728b)
Start importing Assets/Art/GUI Mobile Hyper-Casual/Sprites/Items PSD + PNG/Gift/Gift 3.psd using Guid(4657d2d8b79768d45822af67e6e6960a) Importer(815301076,1909f56bfc062723c751e8b465ee728b)  -> (artifact id: '89b49caafa7544963101d3d7e4d6d611') in 0.041278 seconds 
========================================================================
Received Import Request.
  Time since last request: 0.000030 seconds.
  path: Assets/Art/GUI Mobile Hyper-Casual/Sprites/Sprites by Menu/Home-assets/Gift.png
  artifactKey: Guid(71624b9883be6624ab1933a10dede27b) Importer(815301076,1909f56bfc062723c751e8b465ee728b)
Start importing Assets/Art/GUI Mobile Hyper-Casual/Sprites/Sprites by Menu/Home-assets/Gift.png using Guid(71624b9883be6624ab1933a10dede27b) Importer(815301076,1909f56bfc062723c751e8b465ee728b)  -> (artifact id: '4768e8c83c9d6899f5d819fbb38606dc') in 0.027052 seconds 
========================================================================
Received Import Request.
  Time since last request: 0.000022 seconds.
  path: Assets/Art/GUI Mobile Hyper-Casual/Sprites/Items PSD + PNG/Gift/Gift 2.png
  artifactKey: Guid(55cf50e3097b2e64e93747a5063b711c) Importer(815301076,1909f56bfc062723c751e8b465ee728b)
Start importing Assets/Art/GUI Mobile Hyper-Casual/Sprites/Items PSD + PNG/Gift/Gift 2.png using Guid(55cf50e3097b2e64e93747a5063b711c) Importer(815301076,1909f56bfc062723c751e8b465ee728b)  -> (artifact id: '5a0bf8eec7d40cd1fd32b2f6291c6192') in 0.038970 seconds 
========================================================================
Received Import Request.
  Time since last request: 0.000017 seconds.
  path: Assets/Art/GUI Mobile Hyper-Casual/Sprites/Items PSD + PNG/Glasses/Glasses.psd
  artifactKey: Guid(1996500707fa824449d7cd19ceacd29d) Importer(815301076,1909f56bfc062723c751e8b465ee728b)
Start importing Assets/Art/GUI Mobile Hyper-Casual/Sprites/Items PSD + PNG/Glasses/Glasses.psd using Guid(1996500707fa824449d7cd19ceacd29d) Importer(815301076,1909f56bfc062723c751e8b465ee728b)  -> (artifact id: '7e1df10bb04f29c0b4ca1cdfd88d76fd') in 0.039007 seconds 
========================================================================
Received Import Request.
  Time since last request: 0.000028 seconds.
  path: Assets/Art/GUI Mobile Hyper-Casual/Sprites/Items PSD + PNG/Gift/Gift 3.png
  artifactKey: Guid(3272470d936335c419334501736dd46a) Importer(815301076,1909f56bfc062723c751e8b465ee728b)
Start importing Assets/Art/GUI Mobile Hyper-Casual/Sprites/Items PSD + PNG/Gift/Gift 3.png using Guid(3272470d936335c419334501736dd46a) Importer(815301076,1909f56bfc062723c751e8b465ee728b)  -> (artifact id: '774bc399be478cf3bb65a28e84ab6e9e') in 0.034025 seconds 
========================================================================
Received Import Request.
  Time since last request: 0.705711 seconds.
  path: Assets/Art/GUI Mobile Hyper-Casual/Sprites/Additional White Icons/Google.png
  artifactKey: Guid(c68882406fa8c214ca214236b7d7247a) Importer(815301076,1909f56bfc062723c751e8b465ee728b)
Start importing Assets/Art/GUI Mobile Hyper-Casual/Sprites/Additional White Icons/Google.png using Guid(c68882406fa8c214ca214236b7d7247a) Importer(815301076,1909f56bfc062723c751e8b465ee728b)  -> (artifact id: '7a7ded8b84a0fe55d4bcb3f29768213a') in 0.024948 seconds 
========================================================================
Received Import Request.
  Time since last request: 0.000023 seconds.
  path: Assets/Art/GUI Mobile Hyper-Casual/Sprites/Items PSD + PNG/Diamonds/Diamond 2/Green.png
  artifactKey: Guid(136bcfe6aea48fb4e9574917e5b4383b) Importer(815301076,1909f56bfc062723c751e8b465ee728b)
Start importing Assets/Art/GUI Mobile Hyper-Casual/Sprites/Items PSD + PNG/Diamonds/Diamond 2/Green.png using Guid(136bcfe6aea48fb4e9574917e5b4383b) Importer(815301076,1909f56bfc062723c751e8b465ee728b)  -> (artifact id: '2318ab7734ffc821a10a2ba2f260a2b2') in 0.041431 seconds 
========================================================================
Received Import Request.
  Time since last request: 0.000021 seconds.
  path: Assets/Art/GUI Mobile Hyper-Casual/Sprites/Items PSD + PNG/Potion/Potion/Green.png
  artifactKey: Guid(d25188e3dced51d45bbcd4e6846d7073) Importer(815301076,1909f56bfc062723c751e8b465ee728b)
Start importing Assets/Art/GUI Mobile Hyper-Casual/Sprites/Items PSD + PNG/Potion/Potion/Green.png using Guid(d25188e3dced51d45bbcd4e6846d7073) Importer(815301076,1909f56bfc062723c751e8b465ee728b)  -> (artifact id: 'c23705d64455c570b4f350468534ef1f') in 0.041187 seconds 
========================================================================
Received Import Request.
  Time since last request: 0.000037 seconds.
  path: Assets/Art/GUI Mobile Hyper-Casual/Sprites/Items PSD + PNG/Icon Club/Green.png
  artifactKey: Guid(cb603e1e9f7c97347a72fb5628188d91) Importer(815301076,1909f56bfc062723c751e8b465ee728b)
Start importing Assets/Art/GUI Mobile Hyper-Casual/Sprites/Items PSD + PNG/Icon Club/Green.png using Guid(cb603e1e9f7c97347a72fb5628188d91) Importer(815301076,1909f56bfc062723c751e8b465ee728b)  -> (artifact id: 'ce4824713be1f820d07f7dc1bff155b1') in 0.037034 seconds 
========================================================================
Received Import Request.
  Time since last request: 0.000041 seconds.
  path: Assets/Art/GUI Mobile Hyper-Casual/Sprites/Items PSD + PNG/Potion/Potion2/Green.png
  artifactKey: Guid(30cba0eb401f19745a0789566d72334d) Importer(815301076,1909f56bfc062723c751e8b465ee728b)
Start importing Assets/Art/GUI Mobile Hyper-Casual/Sprites/Items PSD + PNG/Potion/Potion2/Green.png using Guid(30cba0eb401f19745a0789566d72334d) Importer(815301076,1909f56bfc062723c751e8b465ee728b)  -> (artifact id: '912f1dd45b0f689cd1895574feb28ea0') in 0.038623 seconds 
========================================================================
Received Import Request.
  Time since last request: 0.000024 seconds.
  path: Assets/Art/GUI Mobile Hyper-Casual/Sprites/Items PSD + PNG/Bolt/Green.png
  artifactKey: Guid(cdb369a06c30aae46a3994833428a7cf) Importer(815301076,1909f56bfc062723c751e8b465ee728b)
Start importing Assets/Art/GUI Mobile Hyper-Casual/Sprites/Items PSD + PNG/Bolt/Green.png using Guid(cdb369a06c30aae46a3994833428a7cf) Importer(815301076,1909f56bfc062723c751e8b465ee728b)  -> (artifact id: 'ba2f851716d89094cbf99851b21175fc') in 0.039172 seconds 
========================================================================
Received Import Request.
  Time since last request: 0.089363 seconds.
  path: Assets/Art/GUI Mobile Hyper-Casual/Sprites/Sprites by Menu/Buttons-assets/Green Button Claim.png
  artifactKey: Guid(53b04564ee76a5f44a6eeb0443fd1fc9) Importer(815301076,1909f56bfc062723c751e8b465ee728b)
Start importing Assets/Art/GUI Mobile Hyper-Casual/Sprites/Sprites by Menu/Buttons-assets/Green Button Claim.png using Guid(53b04564ee76a5f44a6eeb0443fd1fc9) Importer(815301076,1909f56bfc062723c751e8b465ee728b)  -> (artifact id: 'ba41ec9f446eaed067eca25513896b95') in 0.025337 seconds 
========================================================================
Received Import Request.
  Time since last request: 0.000019 seconds.
  path: Assets/Art/GUI Mobile Hyper-Casual/Sprites/Sprites by Menu/Buttons-assets/Green Button Start.png
  artifactKey: Guid(f80113ee26c688340b312f1b4a0788ba) Importer(815301076,1909f56bfc062723c751e8b465ee728b)
Start importing Assets/Art/GUI Mobile Hyper-Casual/Sprites/Sprites by Menu/Buttons-assets/Green Button Start.png using Guid(f80113ee26c688340b312f1b4a0788ba) Importer(815301076,1909f56bfc062723c751e8b465ee728b)  -> (artifact id: '8e0f2f248e4be7e63e81dd5ecb026c09') in 0.030449 seconds 
========================================================================
Received Import Request.
  Time since last request: 0.000027 seconds.
  path: Assets/Art/GUI Mobile Hyper-Casual/Sprites/Sprites by Menu/Buttons-assets/Green Button Play.png
  artifactKey: Guid(3e9899da6293f804d928af5b41316f0d) Importer(815301076,1909f56bfc062723c751e8b465ee728b)
Start importing Assets/Art/GUI Mobile Hyper-Casual/Sprites/Sprites by Menu/Buttons-assets/Green Button Play.png using Guid(3e9899da6293f804d928af5b41316f0d) Importer(815301076,1909f56bfc062723c751e8b465ee728b)  -> (artifact id: '59b67a656cc9898000468afb3f0d7502') in 0.026508 seconds 
========================================================================
Received Import Request.
  Time since last request: 0.000041 seconds.
  path: Assets/Art/GUI Mobile Hyper-Casual/Sprites/Sprites by Menu/In Game-assets/Green Elipse.png
  artifactKey: Guid(cbb0c27d248af5a459f0833598c240e1) Importer(815301076,1909f56bfc062723c751e8b465ee728b)
Start importing Assets/Art/GUI Mobile Hyper-Casual/Sprites/Sprites by Menu/In Game-assets/Green Elipse.png using Guid(cbb0c27d248af5a459f0833598c240e1) Importer(815301076,1909f56bfc062723c751e8b465ee728b)  -> (artifact id: 'b817ac5eabf9ffb6c5684334733dfe01') in 0.028243 seconds 
========================================================================
Received Import Request.
  Time since last request: 0.000022 seconds.
  path: Assets/Art/GUI Mobile Hyper-Casual/Sprites/Additional White Icons/Help.png
  artifactKey: Guid(e51d51d71c72e82418a15078d9218279) Importer(815301076,1909f56bfc062723c751e8b465ee728b)
Start importing Assets/Art/GUI Mobile Hyper-Casual/Sprites/Additional White Icons/Help.png using Guid(e51d51d71c72e82418a15078d9218279) Importer(815301076,1909f56bfc062723c751e8b465ee728b)  -> (artifact id: '91242f1b20b2254d31038bc5f16232fb') in 0.030077 seconds 
========================================================================
Received Import Request.
  Time since last request: 0.000016 seconds.
  path: Assets/Art/GUI Mobile Hyper-Casual/Sprites/Items PSD + PNG/Stars/Grey.png
  artifactKey: Guid(6c4d755b25a38fd47a4a4a13dd1dbf32) Importer(815301076,1909f56bfc062723c751e8b465ee728b)
Start importing Assets/Art/GUI Mobile Hyper-Casual/Sprites/Items PSD + PNG/Stars/Grey.png using Guid(6c4d755b25a38fd47a4a4a13dd1dbf32) Importer(815301076,1909f56bfc062723c751e8b465ee728b)  -> (artifact id: 'c6578900a557e983d4dbe2f1ae8c0446') in 0.037326 seconds 
========================================================================
Received Import Request.
  Time since last request: 0.000028 seconds.
  path: Assets/Art/GUI Mobile Hyper-Casual/Sprites/Items PSD + PNG/Key/Grey Key.png
  artifactKey: Guid(b6517bba989433b4899dc43f9f0f0e3f) Importer(815301076,1909f56bfc062723c751e8b465ee728b)
Start importing Assets/Art/GUI Mobile Hyper-Casual/Sprites/Items PSD + PNG/Key/Grey Key.png using Guid(b6517bba989433b4899dc43f9f0f0e3f) Importer(815301076,1909f56bfc062723c751e8b465ee728b)  -> (artifact id: '4030830320f12b8b464b797593061262') in 0.037080 seconds 
========================================================================
Received Import Request.
  Time since last request: 0.000016 seconds.
  path: Assets/Art/GUI Mobile Hyper-Casual/Sprites/Sprites by Menu/Buttons-assets/Green Button Continue.png
  artifactKey: Guid(6ba2a62783c8a3e42943a53eaa43d258) Importer(815301076,1909f56bfc062723c751e8b465ee728b)
Start importing Assets/Art/GUI Mobile Hyper-Casual/Sprites/Sprites by Menu/Buttons-assets/Green Button Continue.png using Guid(6ba2a62783c8a3e42943a53eaa43d258) Importer(815301076,1909f56bfc062723c751e8b465ee728b)  -> (artifact id: '04dcc3a5cfe353e3cecefde01a8d0b72') in 0.026305 seconds 
========================================================================
Received Import Request.
  Time since last request: 0.000029 seconds.
  path: Assets/Art/GUI Mobile Hyper-Casual/Sprites/Items PSD + PNG/Hand/Hand 2.png
  artifactKey: Guid(afc23f2924d788a409baedede60985bb) Importer(815301076,1909f56bfc062723c751e8b465ee728b)
Start importing Assets/Art/GUI Mobile Hyper-Casual/Sprites/Items PSD + PNG/Hand/Hand 2.png using Guid(afc23f2924d788a409baedede60985bb) Importer(815301076,1909f56bfc062723c751e8b465ee728b)  -> (artifact id: 'cdbcc71093bbe769b68cad3ab04cda87') in 0.024078 seconds 
========================================================================
Received Import Request.
  Time since last request: 0.000037 seconds.
  path: Assets/Art/GUI Mobile Hyper-Casual/Sprites/Sprites by Menu/Buttons-assets/Green Button Go.png
  artifactKey: Guid(788d992ac879a89469757bd41420e238) Importer(815301076,1909f56bfc062723c751e8b465ee728b)
Start importing Assets/Art/GUI Mobile Hyper-Casual/Sprites/Sprites by Menu/Buttons-assets/Green Button Go.png using Guid(788d992ac879a89469757bd41420e238) Importer(815301076,1909f56bfc062723c751e8b465ee728b)  -> (artifact id: '1dc00d151a5f56725aba72d4bdae80ee') in 0.028567 seconds 
========================================================================
Received Import Request.
  Time since last request: 0.000044 seconds.
  path: Assets/Art/GUI Mobile Hyper-Casual/Sprites/Items PSD + PNG/Gun/Gun.png
  artifactKey: Guid(bb38e756ae34c274e9e8977a578aa61d) Importer(815301076,1909f56bfc062723c751e8b465ee728b)
Start importing Assets/Art/GUI Mobile Hyper-Casual/Sprites/Items PSD + PNG/Gun/Gun.png using Guid(bb38e756ae34c274e9e8977a578aa61d) Importer(815301076,1909f56bfc062723c751e8b465ee728b)  -> (artifact id: 'e5d3d7502859783c122366265bd2a35e') in 0.041580 seconds 
========================================================================
Received Import Request.
  Time since last request: 0.000024 seconds.
  path: Assets/Art/GUI Mobile Hyper-Casual/Sprites/Items PSD + PNG/Hand/Hand.psd
  artifactKey: Guid(223065dd9c1c92f4fa7c241ecb44d84f) Importer(815301076,1909f56bfc062723c751e8b465ee728b)
Start importing Assets/Art/GUI Mobile Hyper-Casual/Sprites/Items PSD + PNG/Hand/Hand.psd using Guid(223065dd9c1c92f4fa7c241ecb44d84f) Importer(815301076,1909f56bfc062723c751e8b465ee728b)  -> (artifact id: '51dc87cb904bfa5d9e5d04c5b43a3163') in 0.234947 seconds 
========================================================================
Received Import Request.
  Time since last request: 0.000022 seconds.
  path: Assets/Art/GUI Mobile Hyper-Casual/Sprites/Sprites by Menu/Home-assets/Legendary.png
  artifactKey: Guid(c91d42f62e06d8b43b930db46e9fb81d) Importer(815301076,1909f56bfc062723c751e8b465ee728b)
Start importing Assets/Art/GUI Mobile Hyper-Casual/Sprites/Sprites by Menu/Home-assets/Legendary.png using Guid(c91d42f62e06d8b43b930db46e9fb81d) Importer(815301076,1909f56bfc062723c751e8b465ee728b)  -> (artifact id: 'a1b5ad80fff07d573732fa31319589f8') in 0.033535 seconds 
========================================================================
Received Import Request.
  Time since last request: 0.000046 seconds.
  path: Assets/Art/GUI Mobile Hyper-Casual/Sprites/Sprites by Menu/Home-assets/Info.png
  artifactKey: Guid(b949522bc7777bb478aaa03ccc754dd2) Importer(815301076,1909f56bfc062723c751e8b465ee728b)
Start importing Assets/Art/GUI Mobile Hyper-Casual/Sprites/Sprites by Menu/Home-assets/Info.png using Guid(b949522bc7777bb478aaa03ccc754dd2) Importer(815301076,1909f56bfc062723c751e8b465ee728b)  -> (artifact id: 'db65e5e22ec9b3afc9b950d7ab835436') in 0.024245 seconds 
========================================================================
Received Import Request.
  Time since last request: 0.000034 seconds.
  path: Assets/Art/GUI Mobile Hyper-Casual/Sprites/Items PSD + PNG/Hourglass/Hourglass.png
  artifactKey: Guid(311005a575eeb2743901a4f5e2a7250a) Importer(815301076,1909f56bfc062723c751e8b465ee728b)
Start importing Assets/Art/GUI Mobile Hyper-Casual/Sprites/Items PSD + PNG/Hourglass/Hourglass.png using Guid(311005a575eeb2743901a4f5e2a7250a) Importer(815301076,1909f56bfc062723c751e8b465ee728b)  -> (artifact id: 'e5bbf13b9741e3adb072e012e62da76b') in 0.037074 seconds 
========================================================================
Received Import Request.
  Time since last request: 0.000028 seconds.
  path: Assets/Art/GUI Mobile Hyper-Casual/Sprites/Sprites by Menu/Home-assets/IAP.png
  artifactKey: Guid(7709a5c4f15953a4b809d8d78159493b) Importer(815301076,1909f56bfc062723c751e8b465ee728b)
Start importing Assets/Art/GUI Mobile Hyper-Casual/Sprites/Sprites by Menu/Home-assets/IAP.png using Guid(7709a5c4f15953a4b809d8d78159493b) Importer(815301076,1909f56bfc062723c751e8b465ee728b)  -> (artifact id: '9e84e2edecf9f19446ed98c746a2a6c3') in 0.026880 seconds 
========================================================================
Received Import Request.
  Time since last request: 0.000027 seconds.
  path: Assets/Art/GUI Mobile Hyper-Casual/Sprites/Additional White Icons/MagnifyingGlass.png
  artifactKey: Guid(5d165335eb37020488b585bcc9865421) Importer(815301076,1909f56bfc062723c751e8b465ee728b)
Start importing Assets/Art/GUI Mobile Hyper-Casual/Sprites/Additional White Icons/MagnifyingGlass.png using Guid(5d165335eb37020488b585bcc9865421) Importer(815301076,1909f56bfc062723c751e8b465ee728b)  -> (artifact id: '590339caaabd695db29c4b9afe060c1a') in 0.035481 seconds 
========================================================================
Received Import Request.
  Time since last request: 0.000024 seconds.
  path: Packages/com.unity.collab-proxy/Editor/PlasticSCM/Assets/Images/iconinviteusers@2x.png
  artifactKey: Guid(b43651fb085b38445ade3f9de3ab0636) Importer(815301076,1909f56bfc062723c751e8b465ee728b)
Start importing Packages/com.unity.collab-proxy/Editor/PlasticSCM/Assets/Images/iconinviteusers@2x.png using Guid(b43651fb085b38445ade3f9de3ab0636) Importer(815301076,1909f56bfc062723c751e8b465ee728b)  -> (artifact id: '6cc971af1da24897722b9b1ed7f1831b') in 0.020650 seconds 
========================================================================
Received Import Request.
  Time since last request: 0.000025 seconds.
  path: Assets/Art/GUI Mobile Hyper-Casual/Artwork PSD + Screens/PSD/In Game.psd
  artifactKey: Guid(3c77121e37cff6943b2b710bd8c30db2) Importer(815301076,1909f56bfc062723c751e8b465ee728b)
Start importing Assets/Art/GUI Mobile Hyper-Casual/Artwork PSD + Screens/PSD/In Game.psd using Guid(3c77121e37cff6943b2b710bd8c30db2) Importer(815301076,1909f56bfc062723c751e8b465ee728b)  -> (artifact id: '22fe1a470291ea8619c17a5beaf0972a') in 0.160517 seconds 
========================================================================
Received Import Request.
  Time since last request: 0.000023 seconds.
  path: Assets/Art/GUI Mobile Hyper-Casual/Sprites/Items PSD + PNG/Key/Key.psd
  artifactKey: Guid(a60fb77bf1a683443a54dd5d147ad7bf) Importer(815301076,1909f56bfc062723c751e8b465ee728b)
Start importing Assets/Art/GUI Mobile Hyper-Casual/Sprites/Items PSD + PNG/Key/Key.psd using Guid(a60fb77bf1a683443a54dd5d147ad7bf) Importer(815301076,1909f56bfc062723c751e8b465ee728b)  -> (artifact id: '0cf6c946912ed1e41baa321d97d38542') in 0.043281 seconds 
========================================================================
Received Import Request.
  Time since last request: 0.000044 seconds.
  path: Assets/Art/GUI Mobile Hyper-Casual/Sprites/Sprites by Menu/Win-assets/Key unlock.png
  artifactKey: Guid(cba82cd4ad8ffe0488b92f21a385be42) Importer(815301076,1909f56bfc062723c751e8b465ee728b)
Start importing Assets/Art/GUI Mobile Hyper-Casual/Sprites/Sprites by Menu/Win-assets/Key unlock.png using Guid(cba82cd4ad8ffe0488b92f21a385be42) Importer(815301076,1909f56bfc062723c751e8b465ee728b)  -> (artifact id: '55b77ac1831952c19c3d1e6296f4e034') in 0.025285 seconds 
========================================================================
Received Import Request.
  Time since last request: 0.000028 seconds.
  path: Assets/Art/GUI Mobile Hyper-Casual/Sprites/Items PSD + PNG/Icon Club/Icon.psd
  artifactKey: Guid(de8562ddce269924caf4c69770663b3b) Importer(815301076,1909f56bfc062723c751e8b465ee728b)
Start importing Assets/Art/GUI Mobile Hyper-Casual/Sprites/Items PSD + PNG/Icon Club/Icon.psd using Guid(de8562ddce269924caf4c69770663b3b) Importer(815301076,1909f56bfc062723c751e8b465ee728b)  -> (artifact id: '3a076bdc4601cab94fd3134b97b52588') in 0.032561 seconds 
========================================================================
Received Import Request.
  Time since last request: 0.000040 seconds.
  path: Assets/Art/GUI Mobile Hyper-Casual/Sprites/Items PSD + PNG/Hourglass/Hourglass.psd
  artifactKey: Guid(13f207a429c702f4ca64bfd8a2adce6a) Importer(815301076,1909f56bfc062723c751e8b465ee728b)
Start importing Assets/Art/GUI Mobile Hyper-Casual/Sprites/Items PSD + PNG/Hourglass/Hourglass.psd using Guid(13f207a429c702f4ca64bfd8a2adce6a) Importer(815301076,1909f56bfc062723c751e8b465ee728b)  -> (artifact id: '3ca67f113af589331aaf62d39c5714a0') in 0.039916 seconds 
========================================================================
Received Import Request.
  Time since last request: 0.000022 seconds.
  path: Assets/Art/GUI Mobile Hyper-Casual/Sprites/Additional White Icons/Home.png
  artifactKey: Guid(f26ad18237634854fb76794396f3535c) Importer(815301076,1909f56bfc062723c751e8b465ee728b)
Start importing Assets/Art/GUI Mobile Hyper-Casual/Sprites/Additional White Icons/Home.png using Guid(f26ad18237634854fb76794396f3535c) Importer(815301076,1909f56bfc062723c751e8b465ee728b)  -> (artifact id: 'f9a6d600bdc63cd00a4a3778e874ac23') in 0.032645 seconds 
========================================================================
Received Import Request.
  Time since last request: 0.000025 seconds.
  path: Packages/com.unity.collab-proxy/Editor/PlasticSCM/Assets/Images/iconinviteusers.png
  artifactKey: Guid(40e23f4f2fddc724db517c63f4d8990d) Importer(815301076,1909f56bfc062723c751e8b465ee728b)
Start importing Packages/com.unity.collab-proxy/Editor/PlasticSCM/Assets/Images/iconinviteusers.png using Guid(40e23f4f2fddc724db517c63f4d8990d) Importer(815301076,1909f56bfc062723c751e8b465ee728b)  -> (artifact id: 'e8c46817d053acbf6693a1cf1a20957c') in 0.028498 seconds 
========================================================================
Received Import Request.
  Time since last request: 0.000030 seconds.
  path: Assets/Art/GUI Mobile Hyper-Casual/Sprites/Items PSD + PNG/Key/Key.png
  artifactKey: Guid(43f63da3ba95f474c8603f347c5f5df1) Importer(815301076,1909f56bfc062723c751e8b465ee728b)
Start importing Assets/Art/GUI Mobile Hyper-Casual/Sprites/Items PSD + PNG/Key/Key.png using Guid(43f63da3ba95f474c8603f347c5f5df1) Importer(815301076,1909f56bfc062723c751e8b465ee728b)  -> (artifact id: 'b2a32e949a226fbb738c774a23f4abe1') in 0.033246 seconds 
========================================================================
Received Import Request.
  Time since last request: 2.643079 seconds.
  path: Assets/Art/GUI Mobile Hyper-Casual/Sprites/Items PSD + PNG/Shield/Mauve.png
  artifactKey: Guid(89370414f8301e446884d6a76a8a4a19) Importer(815301076,1909f56bfc062723c751e8b465ee728b)
Start importing Assets/Art/GUI Mobile Hyper-Casual/Sprites/Items PSD + PNG/Shield/Mauve.png using Guid(89370414f8301e446884d6a76a8a4a19) Importer(815301076,1909f56bfc062723c751e8b465ee728b)  -> (artifact id: 'acb453f3472ae6786d35e173cbcea9bd') in 0.041201 seconds 
========================================================================
Received Import Request.
  Time since last request: 0.000024 seconds.
  path: Assets/Art/GUI Mobile Hyper-Casual/Sprites/Items PSD + PNG/Mushroom/Mushroom.psd
  artifactKey: Guid(dd00ff8cb7576054a82f5478a1836afa) Importer(815301076,1909f56bfc062723c751e8b465ee728b)
Start importing Assets/Art/GUI Mobile Hyper-Casual/Sprites/Items PSD + PNG/Mushroom/Mushroom.psd using Guid(dd00ff8cb7576054a82f5478a1836afa) Importer(815301076,1909f56bfc062723c751e8b465ee728b)  -> (artifact id: 'dc0b290f623f68ac30cce00f4d4c71b8') in 0.056028 seconds 
========================================================================
Received Import Request.
  Time since last request: 0.000028 seconds.
  path: Assets/Art/GUI Mobile Hyper-Casual/Sprites/Additional White Icons/Notifications.png
  artifactKey: Guid(c7f652be7778f6d49bedd98a013e5d5e) Importer(815301076,1909f56bfc062723c751e8b465ee728b)
Start importing Assets/Art/GUI Mobile Hyper-Casual/Sprites/Additional White Icons/Notifications.png using Guid(c7f652be7778f6d49bedd98a013e5d5e) Importer(815301076,1909f56bfc062723c751e8b465ee728b)  -> (artifact id: '6821f3a82576880ea2c1d3004f0688ca') in 0.037529 seconds 
========================================================================
Received Import Request.
  Time since last request: 0.000041 seconds.
  path: Assets/Art/GUI Mobile Hyper-Casual/Sprites/Additional White Icons/Next.png
  artifactKey: Guid(f3e824ec048eb7a4ea2c6e8ecfb8c5ac) Importer(815301076,1909f56bfc062723c751e8b465ee728b)
Start importing Assets/Art/GUI Mobile Hyper-Casual/Sprites/Additional White Icons/Next.png using Guid(f3e824ec048eb7a4ea2c6e8ecfb8c5ac) Importer(815301076,1909f56bfc062723c751e8b465ee728b)  -> (artifact id: 'd7f99738382bf1fbf692b5c88f200ccb') in 0.028943 seconds 
========================================================================
Received Import Request.
  Time since last request: 0.000021 seconds.
  path: Assets/Art/GUI Mobile Hyper-Casual/Sprites/Items PSD + PNG/Double Sword/Outline.png
  artifactKey: Guid(96ad0ac9bd4f49640af3a5e9aa231e1e) Importer(815301076,1909f56bfc062723c751e8b465ee728b)
Start importing Assets/Art/GUI Mobile Hyper-Casual/Sprites/Items PSD + PNG/Double Sword/Outline.png using Guid(96ad0ac9bd4f49640af3a5e9aa231e1e) Importer(815301076,1909f56bfc062723c751e8b465ee728b)  -> (artifact id: '32c93fdfdb185dfcd17e80b2710f61fc') in 0.034368 seconds 
========================================================================
Received Import Request.
  Time since last request: 0.000027 seconds.
  path: Assets/Art/GUI Mobile Hyper-Casual/Sprites/Items PSD + PNG/Potion/Potion2/Mauve.png
  artifactKey: Guid(04d19b66807d0244d8a88230c5144edd) Importer(815301076,1909f56bfc062723c751e8b465ee728b)
Start importing Assets/Art/GUI Mobile Hyper-Casual/Sprites/Items PSD + PNG/Potion/Potion2/Mauve.png using Guid(04d19b66807d0244d8a88230c5144edd) Importer(815301076,1909f56bfc062723c751e8b465ee728b)  -> (artifact id: '00a650188c35d0f4bd88e73123fd3e02') in 0.044187 seconds 
========================================================================
Received Import Request.
  Time since last request: 0.000024 seconds.
  path: Assets/Art/GUI Mobile Hyper-Casual/Sprites/Sprites by Menu/Prize Machine-assets/NO THANKS.png
  artifactKey: Guid(564e3793dcee06c4891631c2d34b1cd8) Importer(815301076,1909f56bfc062723c751e8b465ee728b)
Start importing Assets/Art/GUI Mobile Hyper-Casual/Sprites/Sprites by Menu/Prize Machine-assets/NO THANKS.png using Guid(564e3793dcee06c4891631c2d34b1cd8) Importer(815301076,1909f56bfc062723c751e8b465ee728b)  -> (artifact id: '646a9b6477d0e3ad40f1022c651e5898') in 0.026148 seconds 
========================================================================
Received Import Request.
  Time since last request: 0.000034 seconds.
  path: Assets/Art/GUI Mobile Hyper-Casual/Sprites/Items PSD + PNG/Mushroom/Mushroom.png
  artifactKey: Guid(65dc7bc63b3f0154f9d4d489f9a7c781) Importer(815301076,1909f56bfc062723c751e8b465ee728b)
Start importing Assets/Art/GUI Mobile Hyper-Casual/Sprites/Items PSD + PNG/Mushroom/Mushroom.png using Guid(65dc7bc63b3f0154f9d4d489f9a7c781) Importer(815301076,1909f56bfc062723c751e8b465ee728b)  -> (artifact id: '78e67e4f284af341c550894bfcada109') in 0.037427 seconds 
========================================================================
Received Import Request.
  Time since last request: 0.000031 seconds.
  path: Assets/Art/GUI Mobile Hyper-Casual/Sprites/Sprites by Menu/In Game-assets/NO THANKS.png
  artifactKey: Guid(bdc2f989e2fb20e4f918f8650a2d116e) Importer(815301076,1909f56bfc062723c751e8b465ee728b)
Start importing Assets/Art/GUI Mobile Hyper-Casual/Sprites/Sprites by Menu/In Game-assets/NO THANKS.png using Guid(bdc2f989e2fb20e4f918f8650a2d116e) Importer(815301076,1909f56bfc062723c751e8b465ee728b)  -> (artifact id: '06b9fdc459e4b03873992a9c05931476') in 0.025314 seconds 
Editor requested this worker to shutdown with reason: Scaling down because of idle timeout
AssetImportWorker is now disconnected from the server
Process exiting
Exiting without the bug reporter. Application will terminate with return code 0